<?xml version="1.0" encoding="UTF-8"?>
<!-- Generated by org.testng.reporters.JUnitReportReporter -->
<testsuite name="com.wbl.test.TestTwitterRestApi" tests="1" time="0.811" ignored="2" failures="0" timestamp="25 Apr 2017 06:47:34 GMT" skipped="0" hostname="KFAutie-S47" errors="0">
  <testcase name="testPostAccountUpdates" time="0.811" classname="com.wbl.test.TestTwitterRestApi"/>
  <testcase name="testPostMessage" classname="com.wbl.test.TestTwitterRestApi">
    <skipped/>
  </testcase> <!-- testPostMessage -->
  <testcase name="testGetAccountSettings" classname="com.wbl.test.TestTwitterRestApi">
    <skipped/>
  </testcase> <!-- testGetAccountSettings -->
</testsuite> <!-- com.wbl.test.TestTwitterRestApi -->
