<?xml version="1.0" encoding="UTF-8"?>
<!-- Generated by org.testng.reporters.JUnitReportReporter -->
<testsuite hostname="KFAutie-S47" name="com.wbl.restApiAutomation.TestTwitterRestApi" tests="1" failures="0" timestamp="24 Apr 2017 22:11:18 GMT" time="0.954" errors="0">
  <testcase name="testGetAccountSettings" time="0.954" classname="com.wbl.restApiAutomation.TestTwitterRestApi"/>
</testsuite> <!-- com.wbl.restApiAutomation.TestTwitterRestApi -->
